<?xml version="1.0" encoding="UTF-8"?>
<testng-results ignored="0" total="1" passed="1" failed="0" skipped="0">
  <reporter-output>
  </reporter-output>
  <suite started-at="2021-04-02T10:51:02 PDT" name="Default suite" finished-at="2021-04-02T10:51:07 PDT" duration-ms="5008">
    <groups>
    </groups>
    <test started-at="2021-04-02T10:51:02 PDT" name="Default test" finished-at="2021-04-02T10:51:07 PDT" duration-ms="5008">
      <class name="com.selenium.RestTest">
        <test-method signature="m1()[pri:0, instance:com.selenium.RestTest@41c2284a]" started-at="2021-04-02T10:51:02 PDT" name="m1" finished-at="2021-04-02T10:51:07 PDT" duration-ms="4925" status="PASS">
          <reporter-output>
          </reporter-output>
        </test-method> <!-- m1 -->
      </class> <!-- com.selenium.RestTest -->
    </test> <!-- Default test -->
  </suite> <!-- Default suite -->
</testng-results>
